 
*** VICE Version 3.7.1 ***
 
Welcome to x64sc, the free portable C64 Emulator.
 
Current VICE team members:
Martin Pottendorfer, Marco van den Heuvel, Fabrizio Gennari, Groepaz, 
Errol Smith, Ingo Korb, Olaf Seibert, Marcus Sutton, Kajtar Zsolt, AreaScout, 
Bas Wassink, Michael C. Martin, Christopher Phillips, David Hogan, 
Empathic Qubit, Roberto Muscedere, June Tate-Gans, Pablo Roldan.
 
This is free software with ABSOLUTELY NO WARRANTY.
See the "About VICE" command for more info.
 
random seed was: 0x653cf420
command line was: /opt/homebrew/bin/x64sc -logfile startup.prg-vice.log startup.prg
Loading system file `/opt/homebrew/Cellar/vice/3.7.1/share/vice/C64/kernal-901227-03.bin'.
Loading system file `/opt/homebrew/Cellar/vice/3.7.1/share/vice/C64/basic-901226-01.bin'.
Loading system file `/opt/homebrew/Cellar/vice/3.7.1/share/vice/C64/chargen-901225-01.bin'.
Loading system file `/opt/homebrew/Cellar/vice/3.7.1/share/vice/PRINTER/mps803.bin'.
Palette: Loading palette `/opt/homebrew/Cellar/vice/3.7.1/share/vice/PRINTER/mps803.vpl'.
Loading system file `/opt/homebrew/Cellar/vice/3.7.1/share/vice/PRINTER/nl10.bin'.
Palette: Loading palette `/opt/homebrew/Cellar/vice/3.7.1/share/vice/PRINTER/nl10.vpl'.
NL10: Printer driver initialized.
Palette: Loading palette `/opt/homebrew/Cellar/vice/3.7.1/share/vice/PRINTER/1520.vpl'.
Loading system file `/opt/homebrew/Cellar/vice/3.7.1/share/vice/DRIVES/dos1540-325302+3-01.bin'.
Loading system file `/opt/homebrew/Cellar/vice/3.7.1/share/vice/DRIVES/dos1541-325302-01+901229-05.bin'.
Loading system file `/opt/homebrew/Cellar/vice/3.7.1/share/vice/DRIVES/dos1541ii-251968-03.bin'.
Loading system file `/opt/homebrew/Cellar/vice/3.7.1/share/vice/DRIVES/dos1570-315090-01.bin'.
Loading system file `/opt/homebrew/Cellar/vice/3.7.1/share/vice/DRIVES/dos1571-310654-05.bin'.
Loading system file `/opt/homebrew/Cellar/vice/3.7.1/share/vice/DRIVES/dos1581-318045-02.bin'.
DriveROM: Error - 2000 ROM image not found. Hardware-level 2000 emulation is not available.
DriveROM: Error - 4000 ROM image not found. Hardware-level 4000 emulation is not available.
DriveROM: Error - CMDHD ROM image not found. Hardware-level CMDHD emulation is not available.
Loading system file `/opt/homebrew/Cellar/vice/3.7.1/share/vice/DRIVES/dos2031-901484-03+05.bin'.
Loading system file `/opt/homebrew/Cellar/vice/3.7.1/share/vice/DRIVES/dos2040-901468-06+07.bin'.
Loading system file `/opt/homebrew/Cellar/vice/3.7.1/share/vice/DRIVES/dos3040-901468-11-13.bin'.
Loading system file `/opt/homebrew/Cellar/vice/3.7.1/share/vice/DRIVES/dos4040-901468-14-16.bin'.
Loading system file `/opt/homebrew/Cellar/vice/3.7.1/share/vice/DRIVES/dos1001-901887+8-01.bin'.
Loading system file `/opt/homebrew/Cellar/vice/3.7.1/share/vice/DRIVES/dos9000-300516+7-revC.bin'.
Drive: Finished loading ROM images.
VIC-II: Initializing chip model "MOS8565" (63 cycles per line, 312 raster lines).
using GTK3 backend: OpenGL
chip_name: VICII
 screen_size: 384 x 312
 first/lastline: 0 x 0
 gfx_size: 320 x 200
 gfx_position: 32 x 51
 first/last displayed line: 16 x 287
 extra offscreen border left/right: 0 x 0
 screen_display_wh: 0,000000 x 0,000000
 canvas_physical_wh: 0 x 0
 scalexy: 2 x 2
 sizexy: 1 x 1
 rmode: 1
 aspect ratio: 0,936508
 hstretch: 0
 vstretch: 0
 initializing with width, height: 704 x 507
Loading vertex shader: /opt/homebrew/Cellar/vice/3.7.1/share/vice/GLSL/viewport.vert
Loading fragment shader: /opt/homebrew/Cellar/vice/3.7.1/share/vice/GLSL/builtin.frag
Loading vertex shader: /opt/homebrew/Cellar/vice/3.7.1/share/vice/GLSL/viewport.vert
Loading fragment shader: /opt/homebrew/Cellar/vice/3.7.1/share/vice/GLSL/builtin-interlaced.frag
Loading vertex shader: /opt/homebrew/Cellar/vice/3.7.1/share/vice/GLSL/viewport.vert
Loading fragment shader: /opt/homebrew/Cellar/vice/3.7.1/share/vice/GLSL/bicubic.frag
Loading vertex shader: /opt/homebrew/Cellar/vice/3.7.1/share/vice/GLSL/viewport.vert
Loading fragment shader: /opt/homebrew/Cellar/vice/3.7.1/share/vice/GLSL/bicubic-interlaced.frag
Created render thread 0
Render thread initialised
Sound: Available sound devices: coreaudio dummy fs dump wav voc iff aiff mp3 flac ogg soundmovie
GTK3MOUSE: Status changed: 0 (disabled)
Loading keymap `/opt/homebrew/Cellar/vice/3.7.1/share/vice/C64/gtk3_sym.vkm'.
HOTKEYS: Hotkeys: Initializing.
HOTKEYS: Hotkeys: Parsing C64 hotkeys file:
HOTKEYS: Hotkeys: OK.
AUTOSTART: Autodetecting image type of `startup.prg'.
Filesystem Image Probe: Error - Import GCR: Unknown GCR image version 49.
Filesystem Image: Unknown disk image `startup.prg'.
Tape: Error - Cannot open file `startup.prg'
Error - no CRT header found.
CART: '/Users/simonthoresen/Source/c64/fullscroll/bin/startup.prg' is not a valid CRT file.
AUTOSTART: Loading PRG file `startup.prg' with direct RAM injection.
AUTOSTART: Resetting the machine to autostart '*'
VIC-II: VSP Bug: safe channels are: 67. Emulation of memory corruption is disabled.
AUTOSTART: Turning Warp mode on.
AUTOSTART: `startup.prg' recognized as program/p00 file.
Main CPU: starting at ($FFFC).
Main CPU: RESET.
sound (coreaudio_init): Found audio device with no outputs: Simon sin iPhone Microphone
sound (coreaudio_init): Found audio device with no outputs: MacBook Air Microphone
sound (coreaudio_init): Found output audio device: MacBook Air Speakers (Default)
sound (coreaudio_init): Found output audio device: Microsoft Teams Audio
sound (coreaudio_init): Using output audio device: MacBook Air Speakers
sound (coreaudio_init): audio frame buffer size in samples min: 14,000000 max: 4096,000000 fragment size: 32, chosen: 32
sound (coreaudio_init): sampling rate conversion 48000Hz->44100Hz
sound (coreaudio_start): Started
Sound: Opened device `coreaudio', speed 48000Hz, fragment size 0,67ms, buffer size 20,00ms
Copybuffer increase to 102 bytes
reSID: MOS8580, filter on, sampling rate 48000Hz - resampling, pass to 21600Hz
Sync reset
Unit 8: RESET.
AUTOSTART: Injecting program data at $0801 (size $0111)
AUTOSTART: Ready
AUTOSTART: Turning Warp mode off.
AUTOSTART: Starting program.
AUTOSTART: Restoring FileSystemDevice8 to 1.
AUTOSTART: Restoring FSDevice8ConvertP00 to 1.
AUTOSTART: Restoring FSDeviceLongNames to 0.
AUTOSTART: Done.
Sync reset
Initiating render thread 0 shutdown
Render thread shutdown
Joining render thread 0 ...
Joined render thread 0.

Resources with non default values:
LogFileName="startup.prg-vice.log"
SaveResourcesOnExit=1
ConfirmOnExit=0
MonitorXPos=835
MonitorYPos=97
MonitorWidth=576
MonitorHeight=290
Window0Height=635
Window0Width=744
Window0Xpos=175
Window0Ypos=25
KeySet1North=65362
KeySet1East=65363
KeySet1South=65364
KeySet1West=65361
KeySet1Fire=32
JoyDevice1=2
AutostartPrgMode=1
BinaryMonitorServer=1

reconstructed commandline options (might be incomplete):
-default +confirmonexit -saveres -monitorxpos "835" -monitorypos "97" -monitorwidth "576" -monitorheight "290" -joydev1 "2" -autostartprgmode "1" -binarymonitor

VICE thread initiating shutdown
VICE thread is exiting
VICE thread has been joined.
Writing configuration file `/Users/simonthoresen/.config/vice/vicerc'.
VIC-II: VSP Bug: safe channels are: 1457. Emulation of memory corruption is disabled.
Sound: Closing device `coreaudio'
AudioComponentInstanceDispose
